<?xml version="1.0" encoding="UTF-8"?>
<coverage generated="1528119435566" clover="3.2.0">
  <project timestamp="1528119435566" name="All files">
    <metrics statements="59" coveredstatements="18" conditionals="25" coveredconditionals="0" methods="22" coveredmethods="5" elements="106" coveredelements="23" complexity="0" loc="59" ncloc="59" packages="5" files="5" classes="5">
      <package name="node-type-test">
        <metrics statements="13" coveredstatements="10" conditionals="0" coveredconditionals="0" methods="3" coveredmethods="2"/>
        <file name="app.ts" path="/Users/olsson/Documents/projects/node-type-test/app.ts">
          <metrics statements="13" coveredstatements="10" conditionals="0" coveredconditionals="0" methods="3" coveredmethods="2"/>
          <line num="1" count="1" type="stmt"/>
          <line num="2" count="1" type="stmt"/>
          <line num="3" count="1" type="stmt"/>
          <line num="4" count="1" type="stmt"/>
          <line num="5" count="1" type="stmt"/>
          <line num="11" count="1" type="stmt"/>
          <line num="12" count="1" type="stmt"/>
          <line num="13" count="1" type="stmt"/>
          <line num="17" count="0" type="stmt"/>
          <line num="18" count="0" type="stmt"/>
          <line num="19" count="0" type="stmt"/>
          <line num="23" count="1" type="stmt"/>
          <line num="27" count="1" type="stmt"/>
        </file>
      </package>
      <package name="node-type-test.client.src">
        <metrics statements="34" coveredstatements="0" conditionals="23" coveredconditionals="0" methods="15" coveredmethods="0"/>
        <file name="registerServiceWorker.ts" path="/Users/olsson/Documents/projects/node-type-test/client/src/registerServiceWorker.ts">
          <metrics statements="34" coveredstatements="0" conditionals="23" coveredconditionals="0" methods="15" coveredmethods="0"/>
          <line num="12" count="0" type="stmt"/>
          <line num="22" count="0" type="stmt"/>
          <line num="23" count="0" type="cond" truecount="0" falsecount="4"/>
          <line num="25" count="0" type="stmt"/>
          <line num="29" count="0" type="cond" truecount="0" falsecount="2"/>
          <line num="33" count="0" type="stmt"/>
          <line num="36" count="0" type="stmt"/>
          <line num="37" count="0" type="stmt"/>
          <line num="39" count="0" type="cond" truecount="0" falsecount="2"/>
          <line num="41" count="0" type="stmt"/>
          <line num="45" count="0" type="stmt"/>
          <line num="46" count="0" type="stmt"/>
          <line num="53" count="0" type="stmt"/>
          <line num="60" count="0" type="stmt"/>
          <line num="63" count="0" type="stmt"/>
          <line num="64" count="0" type="stmt"/>
          <line num="65" count="0" type="cond" truecount="0" falsecount="2"/>
          <line num="66" count="0" type="stmt"/>
          <line num="67" count="0" type="cond" truecount="0" falsecount="2"/>
          <line num="68" count="0" type="cond" truecount="0" falsecount="2"/>
          <line num="73" count="0" type="stmt"/>
          <line num="78" count="0" type="stmt"/>
          <line num="86" count="0" type="stmt"/>
          <line num="92" count="0" type="stmt"/>
          <line num="95" count="0" type="cond" truecount="0" falsecount="2"/>
          <line num="100" count="0" type="stmt"/>
          <line num="101" count="0" type="stmt"/>
          <line num="102" count="0" type="stmt"/>
          <line num="107" count="0" type="stmt"/>
          <line num="111" count="0" type="stmt"/>
          <line num="117" count="0" type="stmt"/>
          <line num="118" count="0" type="cond" truecount="0" falsecount="2"/>
          <line num="119" count="0" type="stmt"/>
          <line num="120" count="0" type="stmt"/>
        </file>
      </package>
      <package name="node-type-test.server">
        <metrics statements="4" coveredstatements="0" conditionals="2" coveredconditionals="0" methods="1" coveredmethods="0"/>
        <file name="server.ts" path="/Users/olsson/Documents/projects/node-type-test/server/server.ts">
          <metrics statements="4" coveredstatements="0" conditionals="2" coveredconditionals="0" methods="1" coveredmethods="0"/>
          <line num="1" count="0" type="stmt"/>
          <line num="3" count="0" type="cond" truecount="0" falsecount="2"/>
          <line num="4" count="0" type="stmt"/>
          <line num="5" count="0" type="stmt"/>
        </file>
      </package>
      <package name="node-type-test.server.controllers">
        <metrics statements="2" coveredstatements="2" conditionals="0" coveredconditionals="0" methods="1" coveredmethods="1"/>
        <file name="HomeController.ts" path="/Users/olsson/Documents/projects/node-type-test/server/controllers/HomeController.ts">
          <metrics statements="2" coveredstatements="2" conditionals="0" coveredconditionals="0" methods="1" coveredmethods="1"/>
          <line num="6" count="1" type="stmt"/>
          <line num="10" count="1" type="stmt"/>
        </file>
      </package>
      <package name="node-type-test.server.routes">
        <metrics statements="6" coveredstatements="6" conditionals="0" coveredconditionals="0" methods="2" coveredmethods="2"/>
        <file name="routes.ts" path="/Users/olsson/Documents/projects/node-type-test/server/routes/routes.ts">
          <metrics statements="6" coveredstatements="6" conditionals="0" coveredconditionals="0" methods="2" coveredmethods="2"/>
          <line num="1" count="1" type="stmt"/>
          <line num="3" count="1" type="stmt"/>
          <line num="9" count="1" type="stmt"/>
          <line num="10" count="1" type="stmt"/>
          <line num="14" count="1" type="stmt"/>
          <line num="18" count="1" type="stmt"/>
        </file>
      </package>
    </metrics>
  </project>
</coverage>
